<?xml version="1.0" encoding="UTF-8"?>
<testsuite xmlns:xsi="http://www.w3.org/2001/XMLSchema-instance" xsi:noNamespaceSchemaLocation="https://maven.apache.org/surefire/maven-surefire-plugin/xsd/surefire-test-report.xsd" version="3.0.2" name="TestSuite" time="4.429" tests="5" errors="0" skipped="0" failures="0">
  <properties>
[...]
</properties>
  <testcase name="getReq" classname="GetandPost" time="3.215">
    <system-out><![CDATA[HTTP/1.1 200 OK
Date: Tue, 22 Sep 2026 00:31:49 GMT
Content-Type: application/json; charset=utf-8
Transfer-Encoding: chunked
Connection: keep-alive
Access-Control-Allow-Origin: *
Cache-Control: public, max-age=14400, s-maxage=60
Cdn-Cache-Control: max-age=60
Cross-Origin-Opener-Policy: same-origin
Cross-Origin-Resource-Policy: cross-origin
Etag: W/"5f7-gJiYqcwcxD7jRj00kOp90HWgPMY"
Nel: {"report_to":"heroku-nel","response_headers":["Via"],"max_age":3600,"success_fraction":0.01,"failure_fraction":0.1}
Origin-Agent-Cluster: ?1
Ratelimit-Limit: 20
Ratelimit-Policy: 20;w=60
Ratelimit-Remaining: 19
Ratelimit-Reset: 60
Referrer-Policy: strict-origin-when-cross-origin
Report-To: {"group":"heroku-nel","endpoints":[{"url":"https://nel.heroku.com/reports?s=1SwpPXIhwQafPv08rfbts8xSn%2Boy2UgB0kXVMUKViOs%3D\u0026sid=c4c9725f-1ab0-44d8-820f-430df2718e11\u0026ts=1790037109"}],"max_age":3600}
Reporting-Endpoints: heroku-nel="https://nel.heroku.com/reports?s=1SwpPXIhwQafPv08rfbts8xSn%2Boy2UgB0kXVMUKViOs%3D&sid=c4c9725f-1ab0-44d8-820f-430df2718e11&ts=1790037109"
Server: cloudflare
Strict-Transport-Security: max-age=31536000; includeSubDomains
Via: 1.1 heroku-router
X-Content-Type-Options: nosniff
X-Dns-Prefetch-Control: off
X-Download-Options: noopen
X-Frame-Options: DENY
X-Permitted-Cross-Domain-Policies: none
X-Powered-By: ReqRes.in - Deploy backends in 30 seconds
X-Ratelimit-Limit: 40
X-Ratelimit-Remaining: 37
X-Ratelimit-Reset: 1790121600
X-Reqres-Docs: https://reqres.in
X-Reqres-Message: This API is powered by ReqRes. Deploy your own backend in 30 seconds!
X-Reqres-Templates: https://app.reqres.in/templates
X-Reqres-Tip: Build with your own data, not fixtures - app.reqres.in/dashboard
X-Reqres-Upgrade: https://app.reqres.in/upgrade
X-Request-Id: 871d6b85-187e-3a1e-d494-34fe03d0b6b0
X-Robots-Tag: noindex, nofollow
X-Xss-Protection: 0
cf-cache-status: EXPIRED
Content-Encoding: gzip
CF-RAY: a3ed35805cac22b6-CDG

{
    "page": 2,
    "per_page": 6,
    "total": 12,
    "total_pages": 2,
    "data": [
        {
            "id": 7,
            "email": "michael.lawson@reqres.in",
            "first_name": "Michael",
            "last_name": "Lawson",
            "avatar": "https://reqres.in/img/faces/7-image.jpg"
        },
        {
            "id": 8,
            "email": "lindsay.ferguson@reqres.in",
            "first_name": "Lindsay",
            "last_name": "Ferguson",
            "avatar": "https://reqres.in/img/faces/8-image.jpg"
        },
        {
            "id": 9,
            "email": "tobias.funke@reqres.in",
            "first_name": "Tobias",
            "last_name": "Funke",
            "avatar": "https://reqres.in/img/faces/9-image.jpg"
        },
        {
            "id": 10,
            "email": "byron.fields@reqres.in",
            "first_name": "Byron",
            "last_name": "Fields",
            "avatar": "https://reqres.in/img/faces/10-image.jpg"
        },
        {
            "id": 11,
            "email": "george.edwards@reqres.in",
            "first_name": "George",
            "last_name": "Edwards",
            "avatar": "https://reqres.in/img/faces/11-image.jpg"
        },
        {
            "id": 12,
            "email": "rachel.howell@reqres.in",
            "first_name": "Rachel",
            "last_name": "Howell",
            "avatar": "https://reqres.in/img/faces/12-image.jpg"
        }
    ],
    "support": {
        "url": "https://benhowdle.im/first-cto-playbook?utm_source=reqres&utm_medium=json&utm_campaign=referral",
        "text": "Become a better CTO. A playbook of painful stories and practical advice from a two-time startup CTO."
    },
    "_meta": {
        "powered_by": "ReqRes",
        "docs_url": "https://app.reqres.in/documentation",
        "upgrade_url": "https://app.reqres.in/upgrade",
        "example_url": "https://app.reqres.in/examples/notes-app",
        "variant": "v1_a",
        "message": "Your data persists here. Add auth, logs, and custom schemas to build a real backend.",
        "cta": {
            "label": "See example app",
            "url": "https://app.reqres.in/examples/notes-app"
        },
        "context": "legacy_success"
    }
}
]]></system-out>
    <system-err><![CDATA[SLF4J: Failed to load class "org.slf4j.impl.StaticLoggerBinder".
SLF4J: Defaulting to no-operation (NOP) logger implementation
SLF4J: See http://www.slf4j.org/codes.html#StaticLoggerBinder for further details.
]]></system-err>
  </testcase>
  <testcase name="postReq" classname="GetandPost" time="0.186">
    <system-out><![CDATA[{"Adil":"manager","hammad":"leader"}
{"Adil":"manager","hammad":"leader"}
HTTP/1.1 201 Created
Date: Tue, 22 Sep 2026 00:31:51 GMT
Content-Type: application/json; charset=utf-8
Content-Length: 494
Connection: keep-alive
Access-Control-Allow-Origin: *
Cache-Control: no-store
Cross-Origin-Opener-Policy: same-origin
Cross-Origin-Resource-Policy: cross-origin
Etag: W/"1ee-n5lBSJf2E7tw/0F3oBgXmpj4vOM"
Nel: {"report_to":"heroku-nel","response_headers":["Via"],"max_age":3600,"success_fraction":0.01,"failure_fraction":0.1}
Origin-Agent-Cluster: ?1
Ratelimit-Limit: 20
Ratelimit-Policy: 20;w=60
Ratelimit-Remaining: 19
Ratelimit-Reset: 60
Referrer-Policy: strict-origin-when-cross-origin
Report-To: {"group":"heroku-nel","endpoints":[{"url":"https://nel.heroku.com/reports?s=MrVEHCVNTsEXhUE%2BkoKc%2FXURSFsYFpumRQ2ErlG%2FA9o%3D\u0026sid=c4c9725f-1ab0-44d8-820f-430df2718e11\u0026ts=1790037111"}],"max_age":3600}
Reporting-Endpoints: heroku-nel="https://nel.heroku.com/reports?s=MrVEHCVNTsEXhUE%2BkoKc%2FXURSFsYFpumRQ2ErlG%2FA9o%3D&sid=c4c9725f-1ab0-44d8-820f-430df2718e11&ts=1790037111"
Server: cloudflare
Strict-Transport-Security: max-age=31536000; includeSubDomains
Via: 1.1 heroku-router
X-Content-Type-Options: nosniff
X-Dns-Prefetch-Control: off
X-Download-Options: noopen
X-Frame-Options: DENY
X-Permitted-Cross-Domain-Policies: none
X-Powered-By: ReqRes.in - Deploy backends in 30 seconds
X-Ratelimit-Limit: 40
X-Ratelimit-Remaining: 36
X-Ratelimit-Reset: 1790121600
X-Reqres-Docs: https://reqres.in
X-Reqres-Message: This API is powered by ReqRes. Deploy your own backend in 30 seconds!
X-Reqres-Templates: https://app.reqres.in/templates
X-Reqres-Tip: Create your own backend with persistent data - app.reqres.in/dashboard
X-Reqres-Upgrade: https://app.reqres.in/upgrade
X-Request-Id: e987f5e7-8443-961d-8efe-e0f209714f9c
X-Robots-Tag: noindex, nofollow
X-Xss-Protection: 0
cf-cache-status: DYNAMIC
CF-RAY: a3ed358789f715de-CDG

{
    "Adil": "manager",
    "hammad": "leader",
    "id": "781",
    "createdAt": "2026-09-22T00:31:51.009Z",
    "_meta": {
        "powered_by": "ReqRes",
        "docs_url": "https://app.reqres.in/documentation",
        "upgrade_url": "https://app.reqres.in/upgrade",
        "example_url": "https://app.reqres.in/examples/notes-app",
        "variant": "v1_a",
        "message": "Your data persists here. Add auth, logs, and custom schemas to build a real backend.",
        "cta": {
            "label": "See example app",
            "url": "https://app.reqres.in/examples/notes-app"
        },
        "context": "legacy_success"
    }
}
]]></system-out>
  </testcase>
  <testcase name="putReq" classname="PutAndPatch" time="0.149">
    <system-out><![CDATA[{"name":"Hammad","job":"manager"}
{"name":"Hammad","job":"manager"}
HTTP/1.1 200 OK
Date: Tue, 22 Sep 2026 00:31:51 GMT
Content-Type: application/json; charset=utf-8
Transfer-Encoding: chunked
Connection: keep-alive
Access-Control-Allow-Origin: *
Cache-Control: no-store
Cross-Origin-Opener-Policy: same-origin
Cross-Origin-Resource-Policy: cross-origin
Etag: W/"1e0-2of915SkxNza4KI6L763AbBhKx4"
Nel: {"report_to":"heroku-nel","response_headers":["Via"],"max_age":3600,"success_fraction":0.01,"failure_fraction":0.1}
Origin-Agent-Cluster: ?1
Ratelimit-Limit: 20
Ratelimit-Policy: 20;w=60
Ratelimit-Remaining: 18
Ratelimit-Reset: 12
Referrer-Policy: strict-origin-when-cross-origin
Report-To: {"group":"heroku-nel","endpoints":[{"url":"https://nel.heroku.com/reports?s=MrVEHCVNTsEXhUE%2BkoKc%2FXURSFsYFpumRQ2ErlG%2FA9o%3D\u0026sid=c4c9725f-1ab0-44d8-820f-430df2718e11\u0026ts=1790037111"}],"max_age":3600}
Reporting-Endpoints: heroku-nel="https://nel.heroku.com/reports?s=MrVEHCVNTsEXhUE%2BkoKc%2FXURSFsYFpumRQ2ErlG%2FA9o%3D&sid=c4c9725f-1ab0-44d8-820f-430df2718e11&ts=1790037111"
Server: cloudflare
Strict-Transport-Security: max-age=31536000; includeSubDomains
Via: 1.1 heroku-router
X-Content-Type-Options: nosniff
X-Dns-Prefetch-Control: off
X-Download-Options: noopen
X-Frame-Options: DENY
X-Permitted-Cross-Domain-Policies: none
X-Powered-By: ReqRes.in - Deploy backends in 30 seconds
X-Ratelimit-Limit: 40
X-Ratelimit-Remaining: 35
X-Ratelimit-Reset: 1790121600
X-Reqres-Docs: https://reqres.in
X-Reqres-Message: This API is powered by ReqRes. Deploy your own backend in 30 seconds!
X-Reqres-Templates: https://app.reqres.in/templates
X-Reqres-Tip: Need more than /api/users? Build custom collections - app.reqres.in/dashboard
X-Reqres-Upgrade: https://app.reqres.in/upgrade
X-Request-Id: 4ee4d879-fe1c-5ae9-7886-1288a4c22e44
X-Robots-Tag: noindex, nofollow
X-Xss-Protection: 0
cf-cache-status: DYNAMIC
Content-Encoding: gzip
CF-RAY: a3ed35889bdf2a29-CDG

{
    "name": "Hammad",
    "job": "manager",
    "updatedAt": "2026-09-22T00:31:51.159Z",
    "_meta": {
        "powered_by": "ReqRes",
        "docs_url": "https://app.reqres.in/documentation",
        "upgrade_url": "https://app.reqres.in/upgrade",
        "example_url": "https://app.reqres.in/examples/notes-app",
        "variant": "v1_a",
        "message": "Your data persists here. Add auth, logs, and custom schemas to build a real backend.",
        "cta": {
            "label": "See example app",
            "url": "https://app.reqres.in/examples/notes-app"
        },
        "context": "legacy_success"
    }
}
]]></system-out>
  </testcase>
  <testcase name="test2" classname="TestExample" time="0.121">
    <system-out><![CDATA[HTTP/1.1 200 OK
Date: Tue, 22 Sep 2026 00:31:51 GMT
Content-Type: application/json; charset=utf-8
Transfer-Encoding: chunked
Connection: keep-alive
Access-Control-Allow-Origin: *
Cache-Control: public, max-age=14400, s-maxage=60
Cdn-Cache-Control: max-age=60
Cross-Origin-Opener-Policy: same-origin
Cross-Origin-Resource-Policy: cross-origin
Etag: W/"5f7-gJiYqcwcxD7jRj00kOp90HWgPMY"
Nel: {"report_to":"heroku-nel","response_headers":["Via"],"max_age":3600,"success_fraction":0.01,"failure_fraction":0.1}
Origin-Agent-Cluster: ?1
Ratelimit-Limit: 20
Ratelimit-Policy: 20;w=60
Ratelimit-Remaining: 19
Ratelimit-Reset: 60
Referrer-Policy: strict-origin-when-cross-origin
Report-To: {"group":"heroku-nel","endpoints":[{"url":"https://nel.heroku.com/reports?s=1SwpPXIhwQafPv08rfbts8xSn%2Boy2UgB0kXVMUKViOs%3D\u0026sid=c4c9725f-1ab0-44d8-820f-430df2718e11\u0026ts=1790037109"}],"max_age":3600}
Reporting-Endpoints: heroku-nel="https://nel.heroku.com/reports?s=1SwpPXIhwQafPv08rfbts8xSn%2Boy2UgB0kXVMUKViOs%3D&sid=c4c9725f-1ab0-44d8-820f-430df2718e11&ts=1790037109"
Server: cloudflare
Strict-Transport-Security: max-age=31536000; includeSubDomains
Via: 1.1 heroku-router
X-Content-Type-Options: nosniff
X-Dns-Prefetch-Control: off
X-Download-Options: noopen
X-Frame-Options: DENY
X-Permitted-Cross-Domain-Policies: none
X-Powered-By: ReqRes.in - Deploy backends in 30 seconds
X-Ratelimit-Limit: 40
X-Ratelimit-Remaining: 37
X-Ratelimit-Reset: 1790121600
X-Reqres-Docs: https://reqres.in
X-Reqres-Message: This API is powered by ReqRes. Deploy your own backend in 30 seconds!
X-Reqres-Templates: https://app.reqres.in/templates
X-Reqres-Tip: Build with your own data, not fixtures - app.reqres.in/dashboard
X-Reqres-Upgrade: https://app.reqres.in/upgrade
X-Request-Id: 871d6b85-187e-3a1e-d494-34fe03d0b6b0
X-Robots-Tag: noindex, nofollow
X-Xss-Protection: 0
Age: 1
cf-cache-status: HIT
Content-Encoding: gzip
CF-RAY: a3ed35897e4cbb21-CDG

{
    "page": 2,
    "per_page": 6,
    "total": 12,
    "total_pages": 2,
    "data": [
        {
            "id": 7,
            "email": "michael.lawson@reqres.in",
            "first_name": "Michael",
            "last_name": "Lawson",
            "avatar": "https://reqres.in/img/faces/7-image.jpg"
        },
        {
            "id": 8,
            "email": "lindsay.ferguson@reqres.in",
            "first_name": "Lindsay",
            "last_name": "Ferguson",
            "avatar": "https://reqres.in/img/faces/8-image.jpg"
        },
        {
            "id": 9,
            "email": "tobias.funke@reqres.in",
            "first_name": "Tobias",
            "last_name": "Funke",
            "avatar": "https://reqres.in/img/faces/9-image.jpg"
        },
        {
            "id": 10,
            "email": "byron.fields@reqres.in",
            "first_name": "Byron",
            "last_name": "Fields",
            "avatar": "https://reqres.in/img/faces/10-image.jpg"
        },
        {
            "id": 11,
            "email": "george.edwards@reqres.in",
            "first_name": "George",
            "last_name": "Edwards",
            "avatar": "https://reqres.in/img/faces/11-image.jpg"
        },
        {
            "id": 12,
            "email": "rachel.howell@reqres.in",
            "first_name": "Rachel",
            "last_name": "Howell",
            "avatar": "https://reqres.in/img/faces/12-image.jpg"
        }
    ],
    "support": {
        "url": "https://benhowdle.im/first-cto-playbook?utm_source=reqres&utm_medium=json&utm_campaign=referral",
        "text": "Become a better CTO. A playbook of painful stories and practical advice from a two-time startup CTO."
    },
    "_meta": {
        "powered_by": "ReqRes",
        "docs_url": "https://app.reqres.in/documentation",
        "upgrade_url": "https://app.reqres.in/upgrade",
        "example_url": "https://app.reqres.in/examples/notes-app",
        "variant": "v1_a",
        "message": "Your data persists here. Add auth, logs, and custom schemas to build a real backend.",
        "cta": {
            "label": "See example app",
            "url": "https://app.reqres.in/examples/notes-app"
        },
        "context": "legacy_success"
    }
}
]]></system-out>
  </testcase>
  <testcase name="test_1" classname="TestExample" time="0.111">
    <system-out><![CDATA[200
103
{"page":2,"per_page":6,"total":12,"total_pages":2,"data":[{"id":7,"email":"michael.lawson@reqres.in","first_name":"Michael","last_name":"Lawson","avatar":"https://reqres.in/img/faces/7-image.jpg"},{"id":8,"email":"lindsay.ferguson@reqres.in","first_name":"Lindsay","last_name":"Ferguson","avatar":"https://reqres.in/img/faces/8-image.jpg"},{"id":9,"email":"tobias.funke@reqres.in","first_name":"Tobias","last_name":"Funke","avatar":"https://reqres.in/img/faces/9-image.jpg"},{"id":10,"email":"byron.fields@reqres.in","first_name":"Byron","last_name":"Fields","avatar":"https://reqres.in/img/faces/10-image.jpg"},{"id":11,"email":"george.edwards@reqres.in","first_name":"George","last_name":"Edwards","avatar":"https://reqres.in/img/faces/11-image.jpg"},{"id":12,"email":"rachel.howell@reqres.in","first_name":"Rachel","last_name":"Howell","avatar":"https://reqres.in/img/faces/12-image.jpg"}],"support":{"url":"https://benhowdle.im/first-cto-playbook?utm_source=reqres&utm_medium=json&utm_campaign=referral","text":"Become a better CTO. A playbook of painful stories and practical advice from a two-time startup CTO."},"_meta":{"powered_by":"ReqRes","docs_url":"https://app.reqres.in/documentation","upgrade_url":"https://app.reqres.in/upgrade","example_url":"https://app.reqres.in/examples/notes-app","variant":"v1_a","message":"Your data persists here. Add auth, logs, and custom schemas to build a real backend.","cta":{"label":"See example app","url":"https://app.reqres.in/examples/notes-app"},"context":"legacy_success"}}
HTTP/1.1 200 OK
application/json; charset=utf-8
]]></system-out>
  </testcase>
</testsuite>