<?xml version="1.0" encoding="UTF-8"?>
<testng-results ignored="0" total="5" passed="5" failed="0" skipped="0">
  <reporter-output>
  </reporter-output>
  <suite started-at="2026-09-22T02:31:47 CEST" name="RestAssured Test Suite" finished-at="2026-09-22T02:31:51 CEST" duration-ms="3816">
    <groups>
    </groups>
    <test started-at="2026-09-22T02:31:47 CEST" name="API Tests" finished-at="2026-09-22T02:31:51 CEST" duration-ms="3816">
      <class name="TestExample">
        <test-method signature="test2()[pri:0, instance:TestExample@130161f7]" started-at="2026-09-22T02:31:51 CEST" name="test2" finished-at="2026-09-22T02:31:51 CEST" duration-ms="117" status="PASS">
          <reporter-output>
          </reporter-output>
        </test-method> <!-- test2 -->
        <test-method signature="test_1()[pri:0, instance:TestExample@130161f7]" started-at="2026-09-22T02:31:51 CEST" name="test_1" finished-at="2026-09-22T02:31:51 CEST" duration-ms="112" status="PASS">
          <reporter-output>
          </reporter-output>
        </test-method> <!-- test_1 -->
      </class> <!-- TestExample -->
      <class name="PutAndPatch">
        <test-method signature="putReq()[pri:0, instance:PutAndPatch@c33b74f]" started-at="2026-09-22T02:31:51 CEST" name="putReq" finished-at="2026-09-22T02:31:51 CEST" duration-ms="149" status="PASS">
          <reporter-output>
          </reporter-output>
        </test-method> <!-- putReq -->
      </class> <!-- PutAndPatch -->
      <class name="GetandPost">
        <test-method signature="getReq()[pri:0, instance:GetandPost@3d51f06e]" started-at="2026-09-22T02:31:47 CEST" name="getReq" finished-at="2026-09-22T02:31:51 CEST" duration-ms="3208" status="PASS">
          <reporter-output>
          </reporter-output>
        </test-method> <!-- getReq -->
        <test-method signature="postReq()[pri:0, instance:GetandPost@3d51f06e]" started-at="2026-09-22T02:31:51 CEST" name="postReq" finished-at="2026-09-22T02:31:51 CEST" duration-ms="190" status="PASS">
          <reporter-output>
          </reporter-output>
        </test-method> <!-- postReq -->
      </class> <!-- GetandPost -->
    </test> <!-- API Tests -->
  </suite> <!-- RestAssured Test Suite -->
</testng-results>
